<?xml version="1.0" encoding="UTF-8"?>
<!-- Generated by org.testng.reporters.JUnitReportReporter -->
<testsuite hostname="ASUS" failures="0" tests="1" name="testcases.TC05_AddToCart" time="48.383" errors="0" timestamp="2021-12-07T16:37:06 BDT" skipped="0">
  <testcase classname="testcases.TC05_AddToCart" name="SelectfromDropdown" time="48.383"/>
  <system-out/>
</testsuite> <!-- testcases.TC05_AddToCart -->
