<?xml version="1.0" encoding="UTF-8"?>
<!-- Generated by org.testng.reporters.JUnitReportReporter -->
<testsuite hostname="ASUS" failures="0" tests="1" name="testcases.TC02_VisitWriter" time="18.489" errors="0" timestamp="2021-12-07T16:37:06 BDT" skipped="0">
  <testcase classname="testcases.TC02_VisitWriter" name="ClickMenu" time="18.489"/>
  <system-out/>
</testsuite> <!-- testcases.TC02_VisitWriter -->
