<?xml version="1.0" encoding="UTF-8"?>
<!-- Generated by org.testng.reporters.JUnitReportReporter -->
<testsuite hostname="ASUS" failures="0" tests="1" name="testcases.TC04_SelectfromDropdown" time="25.475" errors="0" timestamp="2021-12-07T16:37:06 BDT" skipped="0">
  <testcase classname="testcases.TC04_SelectfromDropdown" name="SelectfromDropdown" time="25.475"/>
  <system-out/>
</testsuite> <!-- testcases.TC04_SelectfromDropdown -->
