<?xml version="1.0" encoding="UTF-8"?>
<!-- Generated by org.testng.reporters.JUnitReportReporter -->
<testsuite hostname="ASUS" failures="0" tests="1" name="testcases.TC01_VisitSite" time="19.034" errors="0" timestamp="2021-12-07T16:37:06 BDT" skipped="0">
  <testcase classname="testcases.TC01_VisitSite" name="loadSite" time="19.034"/>
  <system-out/>
</testsuite> <!-- testcases.TC01_VisitSite -->
